#
# There is insufficient memory for the Java Runtime Environment to continue.
# Native memory allocation (malloc) failed to allocate 695696 bytes for Chunk::new
# Possible reasons:
#   The system is out of physical RAM or swap space
#   In 32 bit mode, the process size limit was hit
# Possible solutions:
#   Reduce memory load on the system
#   Increase physical memory or swap space
#   Check if swap backing store is full
#   Use 64 bit Java on a 64 bit OS
#   Decrease Java heap size (-Xmx/-Xms)
#   Decrease number of Java threads
#   Decrease Java thread stack sizes (-Xss)
#   Set larger code cache with -XX:ReservedCodeCacheSize=
# This output file may be truncated or incomplete.
#
#  Out of Memory Error (allocation.cpp:390), pid=3368, tid=0x00000000000017f0
#
# JRE version: OpenJDK Runtime Environment (8.0_76-b03) (build 1.8.0_76-release-b03)
# Java VM: OpenJDK 64-Bit Server VM (25.76-b03 mixed mode windows-amd64 compressed oops)
# Failed to write core dump. Minidumps are not enabled by default on client versions of Windows
#

---------------  T H R E A D  ---------------

Current thread (0x000000001657c800):  JavaThread "C2 CompilerThread0" daemon [_thread_in_native, id=6128, stack(0x0000000017bb0000,0x0000000017cb0000)]

Stack: [0x0000000017bb0000,0x0000000017cb0000]
[error occurred during error reporting (printing stack bounds), id 0xc0000005]

Native frames: (J=compiled Java code, j=interpreted, Vv=VM code, C=native code)


Current CompileTask:
C2:   6278 1844       4       java.net.URLClassLoader$1::run (5 bytes)


---------------  P R O C E S S  ---------------

Java Threads: ( => current thread )
  0x000000001929b000 JavaThread "File lock request listener" [_thread_in_native, id=156, stack(0x000000001c070000,0x000000001c170000)]
  0x0000000019135800 JavaThread "Stdin handler" [_thread_blocked, id=2388, stack(0x000000001aba0000,0x000000001aca0000)]
  0x0000000019130000 JavaThread "Asynchronous log dispatcher for org.gradle.launcher.daemon.server.DefaultDaemonConnection@663dd46" [_thread_blocked, id=5424, stack(0x000000001aaa0000,0x000000001aba0000)]
  0x000000001901c800 JavaThread "Daemon worker" [_thread_in_native, id=1724, stack(0x000000001a7a0000,0x000000001a8a0000)]
  0x0000000019044000 JavaThread "Cancel handler" [_thread_blocked, id=2224, stack(0x000000001a6a0000,0x000000001a7a0000)]
  0x00000000190b7800 JavaThread "Handler for socket connection from /127.0.0.1:1625 to /127.0.0.1:1626" [_thread_in_native, id=4928, stack(0x000000001a5a0000,0x000000001a6a0000)]
  0x000000001909a000 JavaThread "Daemon" [_thread_blocked, id=1904, stack(0x000000001a4a0000,0x000000001a5a0000)]
  0x0000000018fe5800 JavaThread "pool-1-thread-1" [_thread_blocked, id=3948, stack(0x000000001a3a0000,0x000000001a4a0000)]
  0x0000000018ff5800 JavaThread "Incoming local TCP Connector on port 1625" [_thread_in_native, id=3424, stack(0x0000000019fc0000,0x000000001a0c0000)]
  0x0000000017ec3800 JavaThread "Service Thread" daemon [_thread_blocked, id=4596, stack(0x00000000182b0000,0x00000000183b0000)]
  0x0000000016590000 JavaThread "C1 CompilerThread2" daemon [_thread_blocked, id=4896, stack(0x0000000017db0000,0x0000000017eb0000)]
  0x000000001657e800 JavaThread "C2 CompilerThread1" daemon [_thread_in_native, id=5216, stack(0x0000000017cb0000,0x0000000017db0000)]
=>0x000000001657c800 JavaThread "C2 CompilerThread0" daemon [_thread_in_native, id=6128, stack(0x0000000017bb0000,0x0000000017cb0000)]
  0x000000001657a800 JavaThread "Attach Listener" daemon [_thread_blocked, id=1972, stack(0x0000000017ab0000,0x0000000017bb0000)]
  0x0000000016579800 JavaThread "Signal Dispatcher" daemon [_thread_blocked, id=1960, stack(0x00000000179b0000,0x0000000017ab0000)]
  0x0000000016568800 JavaThread "Finalizer" daemon [_thread_blocked, id=1952, stack(0x00000000177d0000,0x00000000178d0000)]
  0x0000000002b40000 JavaThread "Reference Handler" daemon [_thread_blocked, id=1896, stack(0x00000000176d0000,0x00000000177d0000)]
  0x0000000002a50800 JavaThread "main" [_thread_blocked, id=4492, stack(0x0000000002900000,0x0000000002a00000)]

Other Threads:
  0x0000000016546800 VMThread [stack: 0x00000000175d0000,0x00000000176d0000] [id=1940]
  0x0000000017ec5000 WatcherThread [stack: 0x00000000183b0000,0x00000000184b0000] [id=4044]

VM state:not at safepoint (normal execution)

VM Mutex/Monitor currently owned by a thread: None

Heap:
 PSYoungGen      total 66048K, used 12976K [0x00000000e0000000, 0x00000000e4800000, 0x0000000100000000)
  eden space 58368K, 22% used [0x00000000e0000000,0x00000000e0cac0d8,0x00000000e3900000)
  from space 7680K, 0% used [0x00000000e4080000,0x00000000e4080000,0x00000000e4800000)
  to   space 7680K, 0% used [0x00000000e3900000,0x00000000e3900000,0x00000000e4080000)
 ParOldGen       total 29696K, used 8863K [0x00000000a0000000, 0x00000000a1d00000, 0x00000000e0000000)
  object space 29696K, 29% used [0x00000000a0000000,0x00000000a08a7fe0,0x00000000a1d00000)
 Metaspace       used 22294K, capacity 22820K, committed 22960K, reserved 1069056K
  class space    used 2960K, capacity 3146K, committed 3248K, reserved 1048576K

Card table byte_map: [0x0000000011fd0000,0x00000000122e0000] byte_map_base: 0x0000000011ad0000

Marking Bits: (ParMarkBitMap*) 0x00000000540c9d00
 Begin Bits: [0x00000000128e0000, 0x00000000140e0000)
 End Bits:   [0x00000000140e0000, 0x00000000158e0000)

Polling page: 0x0000000001150000

CodeCache: size=245760Kb used=7540Kb max_used=7540Kb free=238219Kb
 bounds [0x0000000002c10000, 0x0000000003380000, 0x0000000011c10000]
 total_blobs=2615 nmethods=1989 adapters=539
 compilation: enabled

Compilation events (10 events):
Event: 5.471 Thread 0x0000000016590000 1960       3       sun.reflect.generics.parser.SignatureParser::make (8 bytes)
Event: 5.471 Thread 0x0000000016590000 nmethod 1960 0x0000000003351590 code [0x0000000003351700, 0x0000000003351930]
Event: 5.471 Thread 0x0000000016590000 1961       3       sun.reflect.generics.parser.SignatureParser::<init> (10 bytes)
Event: 5.471 Thread 0x0000000016590000 nmethod 1961 0x0000000003351a10 code [0x0000000003351b60, 0x0000000003351d10]
Event: 5.478 Thread 0x0000000016590000 1962       3       org.gradle.internal.service.DefaultServiceRegistry$RelevantMethodsBuilder::add (31 bytes)
Event: 5.478 Thread 0x0000000016590000 nmethod 1962 0x0000000003351dd0 code [0x0000000003351f60, 0x00000000033523e8]
Event: 5.512 Thread 0x0000000016590000 1963       3       org.gradle.internal.service.DefaultServiceRegistry$CachingProvider::getService (47 bytes)
Event: 5.513 Thread 0x0000000016590000 nmethod 1963 0x0000000003352590 code [0x00000000033527a0, 0x0000000003353318]
Event: 5.513 Thread 0x0000000016590000 1964       3       sun.net.www.ParseUtil::encodePath (336 bytes)
Event: 5.515 Thread 0x0000000016590000 nmethod 1964 0x0000000003353950 code [0x0000000003353bc0, 0x0000000003354b98]

GC Heap History (10 events):
Event: 2.420 GC heap after
Heap after GC invocations=4 (full 0):
 PSYoungGen      total 16896K, used 2048K [0x00000000e0000000, 0x00000000e2100000, 0x0000000100000000)
  eden space 14848K, 0% used [0x00000000e0000000,0x00000000e0000000,0x00000000e0e80000)
  from space 2048K, 100% used [0x00000000e1080000,0x00000000e1280000,0x00000000e1280000)
  to   space 2048K, 0% used [0x00000000e0e80000,0x00000000e0e80000,0x00000000e1080000)
 ParOldGen       total 38400K, used 4132K [0x00000000a0000000, 0x00000000a2580000, 0x00000000e0000000)
  object space 38400K, 10% used [0x00000000a0000000,0x00000000a0409250,0x00000000a2580000)
 Metaspace       used 11872K, capacity 12290K, committed 12544K, reserved 1060864K
  class space    used 1569K, capacity 1723K, committed 1792K, reserved 1048576K
}
Event: 2.811 GC heap before
{Heap before GC invocations=5 (full 0):
 PSYoungGen      total 16896K, used 16896K [0x00000000e0000000, 0x00000000e2100000, 0x0000000100000000)
  eden space 14848K, 100% used [0x00000000e0000000,0x00000000e0e80000,0x00000000e0e80000)
  from space 2048K, 100% used [0x00000000e1080000,0x00000000e1280000,0x00000000e1280000)
  to   space 2048K, 0% used [0x00000000e0e80000,0x00000000e0e80000,0x00000000e1080000)
 ParOldGen       total 38400K, used 4132K [0x00000000a0000000, 0x00000000a2580000, 0x00000000e0000000)
  object space 38400K, 10% used [0x00000000a0000000,0x00000000a0409250,0x00000000a2580000)
 Metaspace       used 14614K, capacity 14946K, committed 15104K, reserved 1062912K
  class space    used 1891K, capacity 2011K, committed 2048K, reserved 1048576K
Event: 2.818 GC heap after
Heap after GC invocations=5 (full 0):
 PSYoungGen      total 16896K, used 2048K [0x00000000e0000000, 0x00000000e2800000, 0x0000000100000000)
  eden space 14848K, 0% used [0x00000000e0000000,0x00000000e0000000,0x00000000e0e80000)
  from space 2048K, 100% used [0x00000000e0e80000,0x00000000e1080000,0x00000000e1080000)
  to   space 5632K, 0% used [0x00000000e2280000,0x00000000e2280000,0x00000000e2800000)
 ParOldGen       total 38400K, used 7063K [0x00000000a0000000, 0x00000000a2580000, 0x00000000e0000000)
  object space 38400K, 18% used [0x00000000a0000000,0x00000000a06e5ea0,0x00000000a2580000)
 Metaspace       used 14614K, capacity 14946K, committed 15104K, reserved 1062912K
  class space    used 1891K, capacity 2011K, committed 2048K, reserved 1048576K
}
Event: 3.127 GC heap before
{Heap before GC invocations=6 (full 0):
 PSYoungGen      total 16896K, used 16896K [0x00000000e0000000, 0x00000000e2800000, 0x0000000100000000)
  eden space 14848K, 100% used [0x00000000e0000000,0x00000000e0e80000,0x00000000e0e80000)
  from space 2048K, 100% used [0x00000000e0e80000,0x00000000e1080000,0x00000000e1080000)
  to   space 5632K, 0% used [0x00000000e2280000,0x00000000e2280000,0x00000000e2800000)
 ParOldGen       total 38400K, used 7063K [0x00000000a0000000, 0x00000000a2580000, 0x00000000e0000000)
  object space 38400K, 18% used [0x00000000a0000000,0x00000000a06e5ea0,0x00000000a2580000)
 Metaspace       used 17619K, capacity 17954K, committed 18176K, reserved 1064960K
  class space    used 2332K, capacity 2459K, committed 2560K, reserved 1048576K
Event: 3.138 GC heap after
Heap after GC invocations=6 (full 0):
 PSYoungGen      total 34816K, used 5011K [0x00000000e0000000, 0x00000000e2900000, 0x0000000100000000)
  eden space 29184K, 0% used [0x00000000e0000000,0x00000000e0000000,0x00000000e1c80000)
  from space 5632K, 88% used [0x00000000e2280000,0x00000000e2764c28,0x00000000e2800000)
  to   space 6144K, 0% used [0x00000000e1c80000,0x00000000e1c80000,0x00000000e2280000)
 ParOldGen       total 38400K, used 7071K [0x00000000a0000000, 0x00000000a2580000, 0x00000000e0000000)
  object space 38400K, 18% used [0x00000000a0000000,0x00000000a06e7ea0,0x00000000a2580000)
 Metaspace       used 17619K, capacity 17954K, committed 18176K, reserved 1064960K
  class space    used 2332K, capacity 2459K, committed 2560K, reserved 1048576K
}
Event: 5.489 GC heap before
{Heap before GC invocations=7 (full 0):
 PSYoungGen      total 34816K, used 34195K [0x00000000e0000000, 0x00000000e2900000, 0x0000000100000000)
  eden space 29184K, 100% used [0x00000000e0000000,0x00000000e1c80000,0x00000000e1c80000)
  from space 5632K, 88% used [0x00000000e2280000,0x00000000e2764c28,0x00000000e2800000)
  to   space 6144K, 0% used [0x00000000e1c80000,0x00000000e1c80000,0x00000000e2280000)
 ParOldGen       total 38400K, used 7071K [0x00000000a0000000, 0x00000000a2580000, 0x00000000e0000000)
  object space 38400K, 18% used [0x00000000a0000000,0x00000000a06e7ea0,0x00000000a2580000)
 Metaspace       used 20668K, capacity 21156K, committed 21296K, reserved 1067008K
  class space    used 2684K, capacity 2826K, committed 2864K, reserved 1048576K
Event: 5.506 GC heap after
Heap after GC invocations=7 (full 0):
 PSYoungGen      total 35328K, used 6126K [0x00000000e0000000, 0x00000000e4800000, 0x0000000100000000)
  eden space 29184K, 0% used [0x00000000e0000000,0x00000000e0000000,0x00000000e1c80000)
  from space 6144K, 99% used [0x00000000e1c80000,0x00000000e227b9f0,0x00000000e2280000)
  to   space 7680K, 0% used [0x00000000e4080000,0x00000000e4080000,0x00000000e4800000)
 ParOldGen       total 38400K, used 8376K [0x00000000a0000000, 0x00000000a2580000, 0x00000000e0000000)
  object space 38400K, 21% used [0x00000000a0000000,0x00000000a082e3c0,0x00000000a2580000)
 Metaspace       used 20668K, capacity 21156K, committed 21296K, reserved 1067008K
  class space    used 2684K, capacity 2826K, committed 2864K, reserved 1048576K
}
Event: 5.538 GC heap before
{Heap before GC invocations=8 (full 0):
 PSYoungGen      total 35328K, used 7624K [0x00000000e0000000, 0x00000000e4800000, 0x0000000100000000)
  eden space 29184K, 5% used [0x00000000e0000000,0x00000000e01769b0,0x00000000e1c80000)
  from space 6144K, 99% used [0x00000000e1c80000,0x00000000e227b9f0,0x00000000e2280000)
  to   space 7680K, 0% used [0x00000000e4080000,0x00000000e4080000,0x00000000e4800000)
 ParOldGen       total 38400K, used 8376K [0x00000000a0000000, 0x00000000a2580000, 0x00000000e0000000)
  object space 38400K, 21% used [0x00000000a0000000,0x00000000a082e3c0,0x00000000a2580000)
 Metaspace       used 20805K, capacity 21220K, committed 21296K, reserved 1067008K
  class space    used 2705K, capacity 2826K, committed 2864K, reserved 1048576K
Event: 5.573 GC heap after
Heap after GC invocations=8 (full 0):
 PSYoungGen      total 66048K, used 4357K [0x00000000e0000000, 0x00000000e4800000, 0x0000000100000000)
  eden space 58368K, 0% used [0x00000000e0000000,0x00000000e0000000,0x00000000e3900000)
  from space 7680K, 56% used [0x00000000e4080000,0x00000000e44c1578,0x00000000e4800000)
  to   space 7680K, 0% used [0x00000000e3900000,0x00000000e3900000,0x00000000e4080000)
 ParOldGen       total 38400K, used 9189K [0x00000000a0000000, 0x00000000a2580000, 0x00000000e0000000)
  object space 38400K, 23% used [0x00000000a0000000,0x00000000a08f9460,0x00000000a2580000)
 Metaspace       used 20805K, capacity 21220K, committed 21296K, reserved 1067008K
  class space    used 2705K, capacity 2826K, committed 2864K, reserved 1048576K
}
Event: 5.573 GC heap before
{Heap before GC invocations=9 (full 1):
 PSYoungGen      total 66048K, used 4357K [0x00000000e0000000, 0x00000000e4800000, 0x0000000100000000)
  eden space 58368K, 0% used [0x00000000e0000000,0x00000000e0000000,0x00000000e3900000)
  from space 7680K, 56% used [0x00000000e4080000,0x00000000e44c1578,0x00000000e4800000)
  to   space 7680K, 0% used [0x00000000e3900000,0x00000000e3900000,0x00000000e4080000)
 ParOldGen       total 38400K, used 9189K [0x00000000a0000000, 0x00000000a2580000, 0x00000000e0000000)
  object space 38400K, 23% used [0x00000000a0000000,0x00000000a08f9460,0x00000000a2580000)
 Metaspace       used 20805K, capacity 21220K, committed 21296K, reserved 1067008K
  class space    used 2705K, capacity 2826K, committed 2864K, reserved 1048576K

Deoptimization events (10 events):
Event: 3.586 Thread 0x000000001901c800 Uncommon trap: reason=class_check action=maybe_recompile pc=0x0000000002dcd3a8 method=java.lang.String.equals(Ljava/lang/Object;)Z @ 8
Event: 3.587 Thread 0x000000001901c800 Uncommon trap: reason=class_check action=maybe_recompile pc=0x0000000002dcd3a8 method=java.lang.String.equals(Ljava/lang/Object;)Z @ 8
Event: 3.587 Thread 0x000000001901c800 Uncommon trap: reason=class_check action=maybe_recompile pc=0x0000000002dcd3a8 method=java.lang.String.equals(Ljava/lang/Object;)Z @ 8
Event: 3.982 Thread 0x000000001901c800 Uncommon trap: reason=class_check action=maybe_recompile pc=0x0000000002fc4b7c method=sun.misc.URLClassPath.getLoader(I)Lsun/misc/URLClassPath$Loader; @ 94
Event: 3.982 Thread 0x000000001901c800 Uncommon trap: reason=class_check action=maybe_recompile pc=0x0000000002ede86c method=sun.misc.URLClassPath.getResource(Ljava/lang/String;Z)Lsun/misc/Resource; @ 62
Event: 3.982 Thread 0x000000001901c800 Uncommon trap: reason=unstable_if action=reinterpret pc=0x0000000002fe197c method=sun.net.www.ParseUtil.encodePath(Ljava/lang/String;Z)Ljava/lang/String; @ 109
Event: 4.020 Thread 0x000000001901c800 Uncommon trap: reason=class_check action=maybe_recompile pc=0x0000000002fc4c94 method=sun.misc.URLClassPath.getLoader(I)Lsun/misc/URLClassPath$Loader; @ 193
Event: 4.038 Thread 0x000000001901c800 Uncommon trap: reason=class_check action=maybe_recompile pc=0x0000000002fc4c94 method=sun.misc.URLClassPath.getLoader(I)Lsun/misc/URLClassPath$Loader; @ 193
Event: 4.057 Thread 0x000000001901c800 Uncommon trap: reason=class_check action=maybe_recompile pc=0x0000000002fc4c94 method=sun.misc.URLClassPath.getLoader(I)Lsun/misc/URLClassPath$Loader; @ 193
Event: 5.016 Thread 0x000000001901c800 Uncommon trap: reason=class_check action=maybe_recompile pc=0x0000000002fc20a4 method=sun.misc.URLClassPath.getLoader(I)Lsun/misc/URLClassPath$Loader; @ 94

Internal exceptions (10 events):
Event: 5.410 Thread 0x000000001901c800 Exception <a 'java/lang/ClassNotFoundException': settings_a2qwkrm0n90n2f6xp0trwy1w4BeanInfo> (0x00000000e17ea7d0) thrown at [C:\src\android\AOSP-openjdk\external\jetbrains\jdk\hotspot\src\share\vm\classfile\systemDictionary.cpp, line 210]
Event: 5.410 Thread 0x000000001901c800 Exception <a 'java/lang/ClassNotFoundException': org/gradle/initialization/SettingsScriptBeanInfo> (0x00000000e17f89c0) thrown at [C:\src\android\AOSP-openjdk\external\jetbrains\jdk\hotspot\src\share\vm\classfile\systemDictionary.cpp, line 210]
Event: 5.411 Thread 0x000000001901c800 Exception <a 'java/lang/ClassNotFoundException': org/gradle/initialization/SettingsScriptCustomizer> (0x00000000e1806c68) thrown at [C:\src\android\AOSP-openjdk\external\jetbrains\jdk\hotspot\src\share\vm\classfile\systemDictionary.cpp, line 210]
Event: 5.412 Thread 0x000000001901c800 Exception <a 'java/lang/ClassNotFoundException': settings_a2qwkrm0n90n2f6xp0trwy1w4Customizer> (0x00000000e1817ab8) thrown at [C:\src\android\AOSP-openjdk\external\jetbrains\jdk\hotspot\src\share\vm\classfile\systemDictionary.cpp, line 210]
Event: 5.419 Thread 0x000000001901c800 Exception <a 'java/lang/ClassNotFoundException': org/gradle/initialization/DefaultSettings_DecoratedBeanInfo> (0x00000000e18812d8) thrown at [C:\src\android\AOSP-openjdk\external\jetbrains\jdk\hotspot\src\share\vm\classfile\systemDictionary.cpp, line 210]
Event: 5.420 Thread 0x000000001901c800 Exception <a 'java/lang/ClassNotFoundException': org/gradle/initialization/DefaultSettingsBeanInfo> (0x00000000e189d638) thrown at [C:\src\android\AOSP-openjdk\external\jetbrains\jdk\hotspot\src\share\vm\classfile\systemDictionary.cpp, line 210]
Event: 5.421 Thread 0x000000001901c800 Exception <a 'java/lang/ClassNotFoundException': org/gradle/initialization/BaseSettingsBeanInfo> (0x00000000e18b8aa0) thrown at [C:\src\android\AOSP-openjdk\external\jetbrains\jdk\hotspot\src\share\vm\classfile\systemDictionary.cpp, line 210]
Event: 5.422 Thread 0x000000001901c800 Exception <a 'java/lang/ClassNotFoundException': org/gradle/initialization/BaseSettingsCustomizer> (0x00000000e18d4ce8) thrown at [C:\src\android\AOSP-openjdk\external\jetbrains\jdk\hotspot\src\share\vm\classfile\systemDictionary.cpp, line 210]
Event: 5.427 Thread 0x000000001901c800 Exception <a 'java/lang/ClassNotFoundException': org/gradle/initialization/DefaultSettingsCustomizer> (0x00000000e1917730) thrown at [C:\src\android\AOSP-openjdk\external\jetbrains\jdk\hotspot\src\share\vm\classfile\systemDictionary.cpp, line 210]
Event: 5.428 Thread 0x000000001901c800 Exception <a 'java/lang/ClassNotFoundException': org/gradle/initialization/DefaultSettings_DecoratedCustomizer> (0x00000000e193de28) thrown at [C:\src\android\AOSP-openjdk\external\jetbrains\jdk\hotspot\src\share\vm\classfile\systemDictionary.cpp, line 210˜¼V³w£@

Events (10 events):
Event: 5.534 loading class com/google/common/reflect/TypeResolver$TypeMappingIntrospector done
Event: 5.535 loading class com/google/common/reflect/TypeVisitor
Event: 5.535 loading class com/google/common/reflect/TypeVisitor done
Event: 5.536 loading class com/google/common/reflect/TypeResolver$WildcardCapturer
Event: 5.536 loading class com/google/common/reflect/TypeResolver$WildcardCapturer done
Event: 5.537 loading class org/gradle/model/ModelSet
Event: 5.537 loading class org/gradle/model/ModelSet done
Event: 5.538 loading class com/google/common/reflect/TypeResolver$TypeVariableKey
Event: 5.538 loading class com/google/common/reflect/TypeResolver$TypeVariableKey done
Event: 5.538 Executing VM operation: CollectForMetadataAllocation


Dynamic libraries:
0x00007ff744dc0000 - 0x00007ff744df1000 	C:\Program Files\Android\Android Studio\jre\bin\java.exe
0x00007ffd13d90000 - 0x00007ffd13f51000 	C:\Windows\SYSTEM32\ntdll.dll
0x00007ffd12dd0000 - 0x00007ffd12e7d000 	C:\Windows\system32\KERNEL32.DLL
0x00007ffd10440000 - 0x00007ffd10628000 	C:\Windows\system32\KERNELBASE.dll
0x00007ffd13050000 - 0x00007ffd130f7000 	C:\Windows\system32\ADVAPI32.dll
0x00007ffd11720000 - 0x00007ffd117bd000 	C:\Windows\system32\msvcrt.dll
0x00007ffd131d0000 - 0x00007ffd1322b000 	C:\Windows\system32\sechost.dll
0x00007ffd13290000 - 0x00007ffd133ac000 	C:\Windows\system32\RPCRT4.dll
0x00007ffd133b0000 - 0x00007ffd13506000 	C:\Windows\system32\USER32.dll
0x00007ffd13b90000 - 0x00007ffd13d16000 	C:\Windows\system32\GDI32.dll
0x00007ffd00c60000 - 0x00007ffd00ed4000 	C:\Windows\WinSxS\amd64_microsoft.windows.common-controls_6595b64144ccf1df_6.0.10586.672_none_a2d6b3cea53ff843\COMCTL32.dll
0x00007ffd136d0000 - 0x00007ffd1394d000 	C:\Windows\system32\combase.dll
0x00007ffd10630000 - 0x00007ffd1069a000 	C:\Windows\system32\bcryptPrimitives.dll
0x00007ffd13ad0000 - 0x00007ffd13b0b000 	C:\Windows\system32\IMM32.DLL
0x0000000053750000 - 0x0000000053822000 	C:\Program Files\Android\Android Studio\jre\jre\bin\msvcr100.dll
0x0000000053910000 - 0x0000000054144000 	C:\Program Files\Android\Android Studio\jre\jre\bin\server\jvm.dll
0x00007ffd12ee0000 - 0x00007ffd12ee8000 	C:\Windows\system32\PSAPI.DLL
0x00007ffd00ef0000 - 0x00007ffd00ef9000 	C:\Windows\SYSTEM32\WSOCK32.dll
0x00007ffd0ded0000 - 0x00007ffd0def3000 	C:\Windows\SYSTEM32\WINMM.dll
0x00007ffd13a60000 - 0x00007ffd13acb000 	C:\Windows\system32\WS2_32.dll
0x00007ffd02760000 - 0x00007ffd0276a000 	C:\Windows\SYSTEM32\VERSION.dll
0x00007ffd0da60000 - 0x00007ffd0da8c000 	C:\Windows\SYSTEM32\WINMMBASE.dll
0x00007ffd106a0000 - 0x00007ffd106e3000 	C:\Windows\system32\cfgmgr32.dll
0x00007ffcf87c0000 - 0x00007ffcf87cf000 	C:\Program Files\Android\Android Studio\jre\jre\bin\verify.dll
0x00007ffcf0980000 - 0x00007ffcf09a9000 	C:\Program Files\Android\Android Studio\jre\jre\bin\java.dll
0x00007ffcf12d0000 - 0x00007ffcf12e6000 	C:\Program Files\Android\Android Studio\jre\jre\bin\zip.dll
0x00007ffd11870000 - 0x00007ffd12dcc000 	C:\Windows\system32\SHELL32.dll
0x00007ffd10b20000 - 0x00007ffd11165000 	C:\Windows\system32\windows.storage.dll
0x00007ffd13230000 - 0x00007ffd13282000 	C:\Windows\system32\shlwapi.dll
0x00007ffd103e0000 - 0x00007ffd103ef000 	C:\Windows\system32\kernel.appcore.dll
0x00007ffd109d0000 - 0x00007ffd10a85000 	C:\Windows\system32\shcore.dll
0x00007ffd103f0000 - 0x00007ffd1043b000 	C:\Windows\system32\powrprof.dll
0x00007ffd103c0000 - 0x00007ffd103d4000 	C:\Windows\system32\profapi.dll
0x00007ffcefc00000 - 0x00007ffcefc1a000 	C:\Program Files\Android\Android Studio\jre\jre\bin\net.dll
0x00007ffd0fce0000 - 0x00007ffd0fd3c000 	C:\Windows\system32\mswsock.dll
0x00007ffcefbe0000 - 0x00007ffcefbf1000 	C:\Program Files\Android\Android Studio\jre\jre\bin\nio.dll
0x00007ffd0e000000 - 0x00007ffd0e012000 	C:\Users\mosabtoobasi\.gradle\native\19\windows-amd64\native-platform.dll
0x00007ffd0fd90000 - 0x00007ffd0fda7000 	C:\Windows\SYSTEM32\CRYPTSP.dll
0x00007ffd0fa20000 - 0x00007ffd0fa54000 	C:\Windows\system32\rsaenh.dll
0x00007ffd0ffb0000 - 0x00007ffd0ffd9000 	C:\Windows\SYSTEM32\bcrypt.dll
0x00007ffd0fb70000 - 0x00007ffd0fb8f000 	C:\Windows\SYSTEM32\USERENV.dll
0x00007ffd0feb0000 - 0x00007ffd0febb000 	C:\Windows\SYSTEM32\CRYPTBASE.dll
0x00007ffd0d900000 - 0x00007ffd0d938000 	C:\Windows\SYSTEM32\IPHLPAPI.DLL
0x00007ffd11710000 - 0x00007ffd11718000 	C:\Windows\system32\NSI.dll
0x00007ffd04fb0000 - 0x00007ffd04fc6000 	C:\Windows\SYSTEM32\dhcpcsvc6.DLL
0x00007ffd04f90000 - 0x00007ffd04faa000 	C:\Windows\SYSTEM32\dhcpcsvc.DLL
0x00007ffcf1260000 - 0x00007ffcf126d000 	C:\Program Files\Android\Android Studio\jre\jre\bin\management.dll

VM Arguments:
jvm_args: -Xmx1536m -Dfile.encoding=windows-1252 -Duser.country=US -Duser.language=en -Duser.variant 
java_command: org.gradle.launcher.daemon.bootstrap.GradleDaemon 2.14.1
java_class_path (initial): C:\Program Files\Android\Android Studio\gradle\gradle-2.14.1\lib\gradle-launcher-2.14.1.jar
Launcher Type: SUN_STANDARD

Environment Variables:
JAVA_HOME=C:\Program Files\Java\jdk1.8.0_111
PATH=C:\ProgramData\Oracle\Java\javapath;C:\Windows\system32;C:\Windows;C:\Windows\System32\Wbem;C:\Windows\System32\WindowsPowerShell\v1.0\;C:\Program Files\Java\jdk1.8.0_111\bin;C:\Program Files\Java\jdk1.8.0_111\lib;C:\Windows\system32\config\systemprofile\.dnx\bin;C:\Program Files\Microsoft DNX\Dnvm\;C:\Program Files\Microsoft SQL Server\130\Tools\Binn\;C:\Program Files (x86)\Windows Kits\8.1\Windows Performance Toolkit\;C:\ProgramData\Oracle\Java\javapath;C:\Windows\system32;C:\Windows;C:\Windows\System32\Wbem;C:\Windows\System32\WindowsPowerShell\v1.0\;C:\Program Files\Java\jdk1.8.0_111\bin;C:\Program Files\Java\jdk1.8.0_111\lib;C:\Windows\system32\config\systemprofile\.dnx\bin;C:\Program Files\Microsoft DNX\Dnvm\;C:\Program Files\Microsoft SQL Server\130\Tools\Binn\;C:\Program Files (x86)\Windows Kits\8.1\Windows Performance Toolkit\;%DASHLANE_DLL_DIR%
USERNAME=mosabtoobasi
OS=Windows_NT
PROCESSOR_IDENTIFIER=Intel64 Family 6 Model 69 Stepping 1, GenuineIntel



---------------  S Y S T E M  ---------------

OS: Windows 10.0 , 64 bit Build 10586 (10.0.10586.589)

CPU:total 4 (2 cores per cpu, 2 threads per core) family 6 model 69 stepping 1, cmov, cx8, fxsr, mmx, sse, sse2, sse3, ssse3, sse4.1, sse4.2, popcnt, avx, avx2, aes, clmul, erms, lzcnt, ht, tsc, tscinvbit, bmi1, bmi2

Memory: 4k page, physical 3573944k(698684k free), swap 10127540k(4080k free)

vm_info: OpenJDK 64-Bit Server VM (25.76-b03) for windows-amd64 JRE (1.8.0_76-release-b03), built on Jun 29 2016 19:09:20 by "ralucas" with MS VC++ 10.0 (VS2010)

time: Sun Mar 26 08:51:44 2017
elapsed time: 6 seconds (0d 0h 0m 6s)

