#
# There is insufficient memory for the Java Runtime Environment to continue.
# Native memory allocation (malloc) failed to allocate 2217776 bytes for Chunk::new
# Possible reasons:
#   The system is out of physical RAM or swap space
#   In 32 bit mode, the process size limit was hit
# Possible solutions:
#   Reduce memory load on the system
#   Increase physical memory or swap space
#   Check if swap backing store is full
#   Use 64 bit Java on a 64 bit OS
#   Decrease Java heap size (-Xmx/-Xms)
#   Decrease number of Java threads
#   Decrease Java thread stack sizes (-Xss)
#   Set larger code cache with -XX:ReservedCodeCacheSize=
# This output file may be truncated or incomplete.
#
#  Out of Memory Error (allocation.cpp:390), pid=5476, tid=0x0000000000000fcc
#
# JRE version: OpenJDK Runtime Environment (8.0_76-b03) (build 1.8.0_76-release-b03)
# Java VM: OpenJDK 64-Bit Server VM (25.76-b03 mixed mode windows-amd64 compressed oops)
# Failed to write core dump. Minidumps are not enabled by default on client versions of Windows
#

---------------  T H R E A D  ---------------

Current thread (0x000000001627e000):  JavaThread "C2 CompilerThread0" daemon [_thread_in_native, id=4044, stack(0x00000000178c0000,0x00000000179c0000)]

Stack: [0x00000000178c0000,0x00000000179c0000]
[error occurred during error reporting (printing stack bounds), id 0xc0000005]

Native frames: (J=compiled Java code, j=interpreted, Vv=VM code, C=native code)


Current CompileTask:
C2:   4003 1609   !   4       java.net.URLClassLoader$1::run (63 bytes)


---------------  P R O C E S S  ---------------

Java Threads: ( => current thread )
  0x0000000018daa800 JavaThread "Stdin handler" [_thread_blocked, id=5652, stack(0x000000001a900000,0x000000001aa00000)]
  0x0000000018da9000 JavaThread "Asynchronous log dispatcher for org.gradle.launcher.daemon.server.DefaultDaemonConnection@5d9df5bb" [_thread_blocked, id=4836, stack(0x000000001a600000,0x000000001a700000)]
  0x0000000018ea8000 JavaThread "Daemon worker" [_thread_in_Java, id=5424, stack(0x000000001a500000,0x000000001a600000)]
  0x0000000018e9a000 JavaThread "Cancel handler" [_thread_blocked, id=156, stack(0x000000001a400000,0x000000001a500000)]
  0x0000000018faf000 JavaThread "Handler for socket connection from /127.0.0.1:1635 to /127.0.0.1:1636" [_thread_in_native, id=2388, stack(0x000000001a300000,0x000000001a400000)]
  0x0000000018fb4000 JavaThread "Daemon" [_thread_blocked, id=2224, stack(0x000000001a200000,0x000000001a300000)]
  0x000000001928e800 JavaThread "pool-1-thread-1" [_thread_blocked, id=4928, stack(0x000000001a100000,0x000000001a200000)]
  0x0000000019192000 JavaThread "Incoming local TCP Connector on port 1635" [_thread_in_native, id=3948, stack(0x00000000189c0000,0x0000000018ac0000)]
  0x00000000162dd800 JavaThread "Service Thread" daemon [_thread_blocked, id=5656, stack(0x0000000017fc0000,0x00000000180c0000)]
  0x0000000016288000 JavaThread "C1 CompilerThread2" daemon [_thread_in_vm, id=5848, stack(0x0000000017ac0000,0x0000000017bc0000)]
  0x0000000016280800 JavaThread "C2 CompilerThread1" daemon [_thread_in_native, id=3372, stack(0x00000000179c0000,0x0000000017ac0000)]
=>0x000000001627e000 JavaThread "C2 CompilerThread0" daemon [_thread_in_native, id=4044, stack(0x00000000178c0000,0x00000000179c0000)]
  0x000000001627c800 JavaThread "Attach Listener" daemon [_thread_blocked, id=4596, stack(0x00000000177c0000,0x00000000178c0000)]
  0x000000001627b800 JavaThread "Signal Dispatcher" daemon [_thread_blocked, id=4896, stack(0x00000000176c0000,0x00000000177c0000)]
  0x0000000016268800 JavaThread "Finalizer" daemon [_thread_blocked, id=5216, stack(0x00000000174e0000,0x00000000175e0000)]
  0x0000000002901000 JavaThread "Reference Handler" daemon [_thread_blocked, id=1972, stack(0x00000000173e0000,0x00000000174e0000)]
  0x0000000002810800 JavaThread "main" [_thread_blocked, id=5688, stack(0x0000000002650000,0x0000000002750000)]

Other Threads:
  0x0000000016246800 VMThread [stack: 0x00000000172e0000,0x00000000173e0000] [id=1960]
  0x0000000017bea800 WatcherThread [stack: 0x00000000180c0000,0x00000000181c0000] [id=6128]

VM state:not at safepoint (normal execution)

VM Mutex/Monitor currently owned by a thread: None

Heap:
 PSYoungGen      total 34816K, used 24920K [0x00000000e0000000, 0x00000000e2900000, 0x0000000100000000)
  eden space 29184K, 68% used [0x00000000e0000000,0x00000000e1399540,0x00000000e1c80000)
  from space 5632K, 86% used [0x00000000e2280000,0x00000000e273cc28,0x00000000e2800000)
  to   space 6144K, 0% used [0x00000000e1c80000,0x00000000e1c80000,0x00000000e2280000)
 ParOldGen       total 38400K, used 7150K [0x00000000a0000000, 0x00000000a2580000, 0x00000000e0000000)
  object space 38400K, 18% used [0x00000000a0000000,0x00000000a06fba48,0x00000000a2580000)
 Metaspace       used 19804K, capacity 20108K, committed 20352K, reserved 1067008K
  class space    used 2547K, capacity 2661K, committed 2688K, reserved 1048576K

Card table byte_map: [0x0000000011cd0000,0x0000000011fe0000] byte_map_base: 0x00000000117d0000

Marking Bits: (ParMarkBitMap*) 0x00000000540c9d00
 Begin Bits: [0x00000000125e0000, 0x0000000013de0000)
 End Bits:   [0x0000000013de0000, 0x00000000155e0000)

Polling page: 0x0000000000eb0000

CodeCache: size=245760Kb used=6899Kb max_used=6899Kb free=238860Kb
 bounds [0x0000000002910000, 0x0000000002fd0000, 0x0000000011910000]
 total_blobs=2437 nmethods=1820 adapters=530
 compilation: enabled

Compilation events (10 events):
Event: 4.000 Thread 0x0000000016288000 nmethod 1828 0x0000000002fcd590 code [0x0000000002fcd700, 0x0000000002fcd8b8]
Event: 4.000 Thread 0x0000000016288000 1829       2       org.gradle.internal.reflect.MutableClassDetails::instanceMethod (10 bytes)
Event: 4.000 Thread 0x0000000016288000 nmethod 1829 0x0000000002fcd990 code [0x0000000002fcdb00, 0x0000000002fcdc68]
Event: 4.000 Thread 0x0000000016288000 1830       1       java.lang.reflect.Proxy$Key1::hashCode (5 bytes)
Event: 4.001 Thread 0x0000000016288000 nmethod 1830 0x0000000002fcdd50 code [0x0000000002fcdea0, 0x0000000002fcdfb0]
Event: 4.001 Thread 0x0000000016288000 1831       2       sun.misc.SharedSecrets::getJavaLangAccess (4 bytes)
Event: 4.001 Thread 0x0000000016288000 nmethod 1831 0x0000000002fce010 code [0x0000000002fce160, 0x0000000002fce290]
Event: 4.001 Thread 0x0000000016288000 1832       2       java.nio.Buffer::nextGetIndex (38 bytes)
Event: 4.002 Thread 0x0000000016288000 nmethod 1832 0x0000000002fce310 code [0x0000000002fce480, 0x0000000002fce648]
Event: 4.002 Thread 0x0000000016288000 1833       1       org.gradle.internal.reflect.MethodSet::getValues (5 bytes)

GC Heap History (10 events):
Event: 1.186 GC heap before
{Heap before GC invocations=2 (full 0):
 PSYoungGen      total 16896K, used 16891K [0x00000000e0000000, 0x00000000e1280000, 0x0000000100000000)
  eden space 14848K, 100% used [0x00000000e0000000,0x00000000e0e80000,0x00000000e0e80000)
  from space 2048K, 99% used [0x00000000e0e80000,0x00000000e107edb0,0x00000000e1080000)
  to   space 2048K, 0% used [0x00000000e1080000,0x00000000e1080000,0x00000000e1280000)
 ParOldGen       total 38400K, used 882K [0x00000000a0000000, 0x00000000a2580000, 0x00000000e0000000)
  object space 38400K, 2% used [0x00000000a0000000,0x00000000a00dcb50,0x00000000a2580000)
 Metaspace       used 5750K, capacity 6288K, committed 6528K, reserved 1056768K
  class space    used 721K, capacity 800K, committed 896K, reserved 1048576K
Event: 1.191 GC heap after
Heap after GC invocations=2 (full 0):
 PSYoungGen      total 16896K, used 1896K [0x00000000e0000000, 0x00000000e1280000, 0x0000000100000000)
  eden space 14848K, 0% used [0x00000000e0000000,0x00000000e0000000,0x00000000e0e80000)
  from space 2048K, 92% used [0x00000000e1080000,0x00000000e125a370,0x00000000e1280000)
  to   space 2048K, 0% used [0x00000000e0e80000,0x00000000e0e80000,0x00000000e1080000)
 ParOldGen       total 38400K, used 890K [0x00000000a0000000, 0x00000000a2580000, 0x00000000e0000000)
  object space 38400K, 2% used [0x00000000a0000000,0x00000000a00deb50,0x00000000a2580000)
 Metaspace       used 5750K, capacity 6288K, committed 6528K, reserved 1056768K
  class space    used 721K, capacity 800K, committed 896K, reserved 1048576K
}
Event: 2.299 GC heap before
{Heap before GC invocations=3 (full 0):
 PSYoungGen      total 16896K, used 16744K [0x00000000e0000000, 0x00000000e1280000, 0x0000000100000000)
  eden space 14848K, 100% used [0x00000000e0000000,0x00000000e0e80000,0x00000000e0e80000)
  from space 2048K, 92% used [0x00000000e1080000,0x00000000e125a370,0x00000000e1280000)
  to   space 2048K, 0% used [0x00000000e0e80000,0x00000000e0e80000,0x00000000e1080000)
 ParOldGen       total 38400K, used 890K [0x00000000a0000000, 0x00000000a2580000, 0x00000000e0000000)
  object space 38400K, 2% used [0x00000000a0000000,0x00000000a00deb50,0x00000000a2580000)
 Metaspace       used 9477K, capacity 9742K, committed 10112K, reserved 1058816K
  class space    used 1203K, capacity 1293K, committed 1408K, reserved 1048576K
Event: 2.304 GC heap after
Heap after GC invocations=3 (full 0):
 PSYoungGen      total 16896K, used 2016K [0x00000000e0000000, 0x00000000e1280000, 0x0000000100000000)
  eden space 14848K, 0% used [0x00000000e0000000,0x00000000e0000000,0x00000000e0e80000)
  from space 2048K, 98% used [0x00000000e0e80000,0x00000000e1078020,0x00000000e1080000)
  to   space 2048K, 0% used [0x00000000e1080000,0x00000000e1080000,0x00000000e1280000)
 ParOldGen       total 38400K, used 2442K [0x00000000a0000000, 0x00000000a2580000, 0x00000000e0000000)
  object space 38400K, 6% used [0x00000000a0000000,0x00000000a02629f0,0x00000000a2580000)
 Metaspace       used 9477K, capacity 9742K, committed 10112K, reserved 1058816K
  class space    used 1203K, capacity 1293K, committed 1408K, reserved 1048576K
}
Event: 2.642 GC heap before
{Heap before GC invocations=4 (full 0):
 PSYoungGen      total 16896K, used 16864K [0x00000000e0000000, 0x00000000e1280000, 0x0000000100000000)
  eden space 14848K, 100% used [0x00000000e0000000,0x00000000e0e80000,0x00000000e0e80000)
  from space 2048K, 98% used [0x00000000e0e80000,0x00000000e1078020,0x00000000e1080000)
  to   space 2048K, 0% used [0x00000000e1080000,0x00000000e1080000,0x00000000e1280000)
 ParOldGen       total 38400K, used 2442K [0x00000000a0000000, 0x00000000a2580000, 0x00000000e0000000)
  object space 38400K, 6% used [0x00000000a0000000,0x00000000a02629f0,0x00000000a2580000)
 Metaspace       used 11875K, capacity 12260K, committed 12544K, reserved 1060864K
  class space    used 1568K, capacity 1718K, committed 1792K, reserved 1048576K
Event: 2.648 GC heap after
Heap after GC invocations=4 (full 0):
 PSYoungGen      total 16896K, used 2048K [0x00000000e0000000, 0x00000000e1280000, 0x0000000100000000)
  eden space 14848K, 0% used [0x00000000e0000000,0x00000000e0000000,0x00000000e0e80000)
  from space 2048K, 100% used [0x00000000e1080000,0x00000000e1280000,0x00000000e1280000)
  to   space 2048K, 0% used [0x00000000e0e80000,0x00000000e0e80000,0x00000000e1080000)
 ParOldGen       total 38400K, used 4093K [0x00000000a0000000, 0x00000000a2580000, 0x00000000e0000000)
  object space 38400K, 10% used [0x00000000a0000000,0x00000000a03ff610,0x00000000a2580000)
 Metaspace       used 11875K, capacity 12260K, committed 12544K, reserved 1060864K
  class space    used 1568K, capacity 1718K, committed 1792K, reserved 1048576K
}
Event: 2.968 GC heap before
{Heap before GC invocations=5 (full 0):
 PSYoungGen      total 16896K, used 16896K [0x00000000e0000000, 0x00000000e1280000, 0x0000000100000000)
  eden space 14848K, 100% used [0x00000000e0000000,0x00000000e0e80000,0x00000000e0e80000)
  from space 2048K, 100% used [0x00000000e1080000,0x00000000e1280000,0x00000000e1280000)
  to   space 2048K, 0% used [0x00000000e0e80000,0x00000000e0e80000,0x00000000e1080000)
 ParOldGen       total 38400K, used 4093K [0x00000000a0000000, 0x00000000a2580000, 0x00000000e0000000)
  object space 38400K, 10% used [0x00000000a0000000,0x00000000a03ff610,0x00000000a2580000)
 Metaspace       used 14745K, capacity 15076K, committed 15104K, reserved 1062912K
  class space    used 1902K, capacity 2038K, committed 2048K, reserved 1048576K
Event: 2.975 GC heap after
Heap after GC invocations=5 (full 0):
 PSYoungGen      total 16896K, used 2032K [0x00000000e0000000, 0x00000000e2800000, 0x0000000100000000)
  eden space 14848K, 0% used [0x00000000e0000000,0x00000000e0000000,0x00000000e0e80000)
  from space 2048K, 99% used [0x00000000e0e80000,0x00000000e107c010,0x00000000e1080000)
  to   space 5632K, 0% used [0x00000000e2280000,0x00000000e2280000,0x00000000e2800000)
 ParOldGen       total 38400K, used 7142K [0x00000000a0000000, 0x00000000a2580000, 0x00000000e0000000)
  object space 38400K, 18% used [0x00000000a0000000,0x00000000a06f9a48,0x00000000a2580000)
 Metaspace       used 14745K, capacity 15076K, committed 15104K, reserved 1062912K
  class space    used 1902K, capacity 2038K, committed 2048K, reserved 1048576K
}
Event: 3.285 GC heap before
{Heap before GC invocations=6 (full 0):
 PSYoungGen      total 16896K, used 16880K [0x00000000e0000000, 0x00000000e2800000, 0x0000000100000000)
  eden space 14848K, 100% used [0x00000000e0000000,0x00000000e0e80000,0x00000000e0e80000)
  from space 2048K, 99% used [0x00000000e0e80000,0x00000000e107c010,0x00000000e1080000)
  to   space 5632K, 0% used [0x00000000e2280000,0x00000000e2280000,0x00000000e2800000)
 ParOldGen       total 38400K, used 7142K [0x00000000a0000000, 0x00000000a2580000, 0x00000000e0000000)
  object space 38400K, 18% used [0x00000000a0000000,0x00000000a06f9a48,0x00000000a2580000)
 Metaspace       used 17620K, capacity 18020K, committed 18176K, reserved 1064960K
  class space    used 2335K, capacity 2486K, committed 2560K, reserved 1048576K
Event: 3.295 GC heap after
Heap after GC invocations=6 (full 0):
 PSYoungGen      total 34816K, used 4851K [0x00000000e0000000, 0x00000000e2900000, 0x0000000100000000)
  eden space 29184K, 0% used [0x00000000e0000000,0x00000000e0000000,0x00000000e1c80000)
  from space 5632K, 86% used [0x00000000e2280000,0x00000000e273cc28,0x00000000e2800000)
  to   space 6144K, 0% used [0x00000000e1c80000,0x00000000e1c80000,0x00000000e2280000)
 ParOldGen       total 38400K, used 7150K [0x00000000a0000000, 0x00000000a2580000, 0x00000000e0000000)
  object space 38400K, 18% used [0x00000000a0000000,0x00000000a06fba48,0x00000000a2580000)
 Metaspace       used 17620K, capacity 18020K, committed 18176K, reserved 1064960K
  class space    used 2335K, capacity 2486K, committed 2560K, reserved 1048576K
}

Deoptimization events (10 events):
Event: 3.694 Thread 0x0000000018ea8000 Uncommon trap: reason=bimorphic action=maybe_recompile pc=0x0000000002dcda68 method=java.lang.ClassLoader.loadClass(Ljava/lang/String;Z)Ljava/lang/Class; @ 38
Event: 3.696 Thread 0x0000000018ea8000 Uncommon trap: reason=class_check action=maybe_recompile pc=0x0000000002ccfd44 method=sun.misc.URLClassPath.getLoader(I)Lsun/misc/URLClassPath$Loader; @ 94
Event: 3.696 Thread 0x0000000018ea8000 Uncommon trap: reason=class_check action=maybe_recompile pc=0x0000000002c352ec method=sun.misc.URLClassPath.getResource(Ljava/lang/String;Z)Lsun/misc/Resource; @ 62
Event: 3.696 Thread 0x0000000018ea8000 Uncommon trap: reason=unstable_if action=reinterpret pc=0x0000000002cf08fc method=sun.net.www.ParseUtil.encodePath(Ljava/lang/String;Z)Ljava/lang/String; @ 109
Event: 3.698 Thread 0x0000000018ea8000 Uncommon trap: reason=bimorphic action=maybe_recompile pc=0x0000000002dcda68 method=java.lang.ClassLoader.loadClass(Ljava/lang/String;Z)Ljava/lang/Class; @ 38
Event: 3.698 Thread 0x0000000018ea8000 Uncommon trap: reason=bimorphic action=maybe_recompile pc=0x0000000002dcda68 method=java.lang.ClassLoader.loadClass(Ljava/lang/String;Z)Ljava/lang/Class; @ 38
Event: 3.725 Thread 0x0000000018ea8000 Uncommon trap: reason=class_check action=maybe_recompile pc=0x0000000002ccfe4c method=sun.misc.URLClassPath.getLoader(I)Lsun/misc/URLClassPath$Loader; @ 193
Event: 3.739 Thread 0x0000000018ea8000 Uncommon trap: reason=class_check action=maybe_recompile pc=0x0000000002ccfe4c method=sun.misc.URLClassPath.getLoader(I)Lsun/misc/URLClassPath$Loader; @ 193
Event: 3.755 Thread 0x0000000018ea8000 Uncommon trap: reason=class_check action=maybe_recompile pc=0x0000000002ccfe4c method=sun.misc.URLClassPath.getLoader(I)Lsun/misc/URLClassPath$Loader; @ 193
Event: 3.952 Thread 0x0000000018ea8000 Uncommon trap: reason=class_check action=maybe_recompile pc=0x0000000002ccdad8 method=sun.misc.URLClassPath.getLoader(I)Lsun/misc/URLClassPath$Loader; @ 94

Internal exceptions (10 events):
Event: 3.957 Thread 0x0000000018ea8000 Exception <a 'java/lang/ClassNotFoundException': settings_a2qwkrm0n90n2f6xp0trwy1w4BeanInfo> (0x00000000e1109828) thrown at [C:\src\android\AOSP-openjdk\external\jetbrains\jdk\hotspot\src\share\vm\classfile\systemDictionary.cpp, line 210]
Event: 3.957 Thread 0x0000000018ea8000 Exception <a 'java/lang/ClassNotFoundException': org/gradle/initialization/SettingsScriptBeanInfo> (0x00000000e1117a18) thrown at [C:\src\android\AOSP-openjdk\external\jetbrains\jdk\hotspot\src\share\vm\classfile\systemDictionary.cpp, line 210]
Event: 3.958 Thread 0x0000000018ea8000 Exception <a 'java/lang/ClassNotFoundException': org/gradle/initialization/SettingsScriptCustomizer> (0x00000000e1125cc0) thrown at [C:\src\android\AOSP-openjdk\external\jetbrains\jdk\hotspot\src\share\vm\classfile\systemDictionary.cpp, line 210]
Event: 3.959 Thread 0x0000000018ea8000 Exception <a 'java/lang/ClassNotFoundException': settings_a2qwkrm0n90n2f6xp0trwy1w4Customizer> (0x00000000e1136ae8) thrown at [C:\src\android\AOSP-openjdk\external\jetbrains\jdk\hotspot\src\share\vm\classfile\systemDictionary.cpp, line 210]
Event: 3.968 Thread 0x0000000018ea8000 Exception <a 'java/lang/ClassNotFoundException': org/gradle/initialization/DefaultSettings_DecoratedBeanInfo> (0x00000000e11a0518) thrown at [C:\src\android\AOSP-openjdk\external\jetbrains\jdk\hotspot\src\share\vm\classfile\systemDictionary.cpp, line 210]
Event: 3.968 Thread 0x0000000018ea8000 Exception <a 'java/lang/ClassNotFoundException': org/gradle/initialization/DefaultSettingsBeanInfo> (0x00000000e11bc878) thrown at [C:\src\android\AOSP-openjdk\external\jetbrains\jdk\hotspot\src\share\vm\classfile\systemDictionary.cpp, line 210]
Event: 3.969 Thread 0x0000000018ea8000 Exception <a 'java/lang/ClassNotFoundException': org/gradle/initialization/BaseSettingsBeanInfo> (0x00000000e11d7ce8) thrown at [C:\src\android\AOSP-openjdk\external\jetbrains\jdk\hotspot\src\share\vm\classfile\systemDictionary.cpp, line 210]
Event: 3.969 Thread 0x0000000018ea8000 Exception <a 'java/lang/ClassNotFoundException': org/gradle/initialization/BaseSettingsCustomizer> (0x00000000e11f3fd0) thrown at [C:\src\android\AOSP-openjdk\external\jetbrains\jdk\hotspot\src\share\vm\classfile\systemDictionary.cpp, line 210]
Event: 3.972 Thread 0x0000000018ea8000 Exception <a 'java/lang/ClassNotFoundException': org/gradle/initialization/DefaultSettingsCustomizer> (0x00000000e1236a98) thrown at [C:\src\android\AOSP-openjdk\external\jetbrains\jdk\hotspot\src\share\vm\classfile\systemDictionary.cpp, line 210]
Event: 3.973 Thread 0x0000000018ea8000 Exception <a 'java/lang/ClassNotFoundException': org/gradle/initialization/DefaultSettings_DecoratedCustomizer> (0x00000000e125d168) thrown at [C:\src\android\AOSP-openjdk\external\jetbrains\jdk\hotspot\src\share\vm\classfile\systemDictionary.cpp, line 2100ÙCU§@

Events (10 events):
Event: 3.986 loading class org/gradle/api/internal/project/AbstractProject
Event: 3.986 loading class org/gradle/api/internal/project/AbstractProject done
Event: 3.989 loading class org/gradle/internal/service/scopes/GradleScopeServices$4
Event: 3.989 loading class org/gradle/internal/service/scopes/GradleScopeServices$4 done
Event: 3.993 loading class org/gradle/api/CircularReferenceException
Event: 3.993 loading class org/gradle/api/CircularReferenceException done
Event: 3.997 loading class org/gradle/model/internal/type/ModelType
Event: 3.997 loading class org/gradle/model/internal/type/ModelType done
Event: 3.998 loading class org/gradle/api/internal/project/DeferredProjectConfiguration
Event: 3.998 loading class org/gradle/api/internal/project/DeferredProjectConfiguration done


Dynamic libraries:
0x00007ff744dc0000 - 0x00007ff744df1000 	C:\Program Files\Android\Android Studio\jre\bin\java.exe
0x00007ffd13d90000 - 0x00007ffd13f51000 	C:\Windows\SYSTEM32\ntdll.dll
0x00007ffd12dd0000 - 0x00007ffd12e7d000 	C:\Windows\system32\KERNEL32.DLL
0x00007ffd10440000 - 0x00007ffd10628000 	C:\Windows\system32\KERNELBASE.dll
0x00007ffd13050000 - 0x00007ffd130f7000 	C:\Windows\system32\ADVAPI32.dll
0x00007ffd11720000 - 0x00007ffd117bd000 	C:\Windows\system32\msvcrt.dll
0x00007ffd131d0000 - 0x00007ffd1322b000 	C:\Windows\system32\sechost.dll
0x00007ffd13290000 - 0x00007ffd133ac000 	C:\Windows\system32\RPCRT4.dll
0x00007ffd133b0000 - 0x00007ffd13506000 	C:\Windows\system32\USER32.dll
0x00007ffd13b90000 - 0x00007ffd13d16000 	C:\Windows\system32\GDI32.dll
0x00007ffd00c60000 - 0x00007ffd00ed4000 	C:\Windows\WinSxS\amd64_microsoft.windows.common-controls_6595b64144ccf1df_6.0.10586.672_none_a2d6b3cea53ff843\COMCTL32.dll
0x00007ffd136d0000 - 0x00007ffd1394d000 	C:\Windows\system32\combase.dll
0x00007ffd10630000 - 0x00007ffd1069a000 	C:\Windows\system32\bcryptPrimitives.dll
0x00007ffd13ad0000 - 0x00007ffd13b0b000 	C:\Windows\system32\IMM32.DLL
0x0000000053750000 - 0x0000000053822000 	C:\Program Files\Android\Android Studio\jre\jre\bin\msvcr100.dll
0x0000000053910000 - 0x0000000054144000 	C:\Program Files\Android\Android Studio\jre\jre\bin\server\jvm.dll
0x00007ffd12ee0000 - 0x00007ffd12ee8000 	C:\Windows\system32\PSAPI.DLL
0x00007ffd00ef0000 - 0x00007ffd00ef9000 	C:\Windows\SYSTEM32\WSOCK32.dll
0x00007ffd02760000 - 0x00007ffd0276a000 	C:\Windows\SYSTEM32\VERSION.dll
0x00007ffd0ded0000 - 0x00007ffd0def3000 	C:\Windows\SYSTEM32\WINMM.dll
0x00007ffd13a60000 - 0x00007ffd13acb000 	C:\Windows\system32\WS2_32.dll
0x00007ffd0da60000 - 0x00007ffd0da8c000 	C:\Windows\SYSTEM32\WINMMBASE.dll
0x00007ffd106a0000 - 0x00007ffd106e3000 	C:\Windows\system32\cfgmgr32.dll
0x00007ffcf87c0000 - 0x00007ffcf87cf000 	C:\Program Files\Android\Android Studio\jre\jre\bin\verify.dll
0x00007ffcf0980000 - 0x00007ffcf09a9000 	C:\Program Files\Android\Android Studio\jre\jre\bin\java.dll
0x00007ffcf12d0000 - 0x00007ffcf12e6000 	C:\Program Files\Android\Android Studio\jre\jre\bin\zip.dll
0x00007ffd11870000 - 0x00007ffd12dcc000 	C:\Windows\system32\SHELL32.dll
0x00007ffd10b20000 - 0x00007ffd11165000 	C:\Windows\system32\windows.storage.dll
0x00007ffd13230000 - 0x00007ffd13282000 	C:\Windows\system32\shlwapi.dll
0x00007ffd103e0000 - 0x00007ffd103ef000 	C:\Windows\system32\kernel.appcore.dll
0x00007ffd109d0000 - 0x00007ffd10a85000 	C:\Windows\system32\shcore.dll
0x00007ffd103f0000 - 0x00007ffd1043b000 	C:\Windows\system32\powrprof.dll
0x00007ffd103c0000 - 0x00007ffd103d4000 	C:\Windows\system32\profapi.dll
0x00007ffcefc00000 - 0x00007ffcefc1a000 	C:\Program Files\Android\Android Studio\jre\jre\bin\net.dll
0x00007ffd0fce0000 - 0x00007ffd0fd3c000 	C:\Windows\system32\mswsock.dll
0x00007ffcefbe0000 - 0x00007ffcefbf1000 	C:\Program Files\Android\Android Studio\jre\jre\bin\nio.dll
0x00007ffd0e000000 - 0x00007ffd0e012000 	C:\Users\mosabtoobasi\.gradle\native\19\windows-amd64\native-platform.dll
0x00007ffd0fd90000 - 0x00007ffd0fda7000 	C:\Windows\SYSTEM32\CRYPTSP.dll
0x00007ffd0fa20000 - 0x00007ffd0fa54000 	C:\Windows\system32\rsaenh.dll
0x00007ffd0ffb0000 - 0x00007ffd0ffd9000 	C:\Windows\SYSTEM32\bcrypt.dll
0x00007ffd0fb70000 - 0x00007ffd0fb8f000 	C:\Windows\SYSTEM32\USERENV.dll
0x00007ffd0feb0000 - 0x00007ffd0febb000 	C:\Windows\SYSTEM32\CRYPTBASE.dll
0x00007ffd0d900000 - 0x00007ffd0d938000 	C:\Windows\SYSTEM32\IPHLPAPI.DLL
0x00007ffd11710000 - 0x00007ffd11718000 	C:\Windows\system32\NSI.dll
0x00007ffd04fb0000 - 0x00007ffd04fc6000 	C:\Windows\SYSTEM32\dhcpcsvc6.DLL
0x00007ffd04f90000 - 0x00007ffd04faa000 	C:\Windows\SYSTEM32\dhcpcsvc.DLL
0x00007ffcf1260000 - 0x00007ffcf126d000 	C:\Program Files\Android\Android Studio\jre\jre\bin\management.dll

VM Arguments:
jvm_args: -Xmx1536m -Dfile.encoding=windows-1252 -Duser.country=US -Duser.language=en -Duser.variant 
java_command: org.gradle.launcher.daemon.bootstrap.GradleDaemon 2.14.1
java_class_path (initial): C:\Program Files\Android\Android Studio\gradle\gradle-2.14.1\lib\gradle-launcher-2.14.1.jar
Launcher Type: SUN_STANDARD

Environment Variables:
JAVA_HOME=C:\Program Files\Java\jdk1.8.0_111
PATH=C:\ProgramData\Oracle\Java\javapath;C:\Windows\system32;C:\Windows;C:\Windows\System32\Wbem;C:\Windows\System32\WindowsPowerShell\v1.0\;C:\Program Files\Java\jdk1.8.0_111\bin;C:\Program Files\Java\jdk1.8.0_111\lib;C:\Windows\system32\config\systemprofile\.dnx\bin;C:\Program Files\Microsoft DNX\Dnvm\;C:\Program Files\Microsoft SQL Server\130\Tools\Binn\;C:\Program Files (x86)\Windows Kits\8.1\Windows Performance Toolkit\;C:\ProgramData\Oracle\Java\javapath;C:\Windows\system32;C:\Windows;C:\Windows\System32\Wbem;C:\Windows\System32\WindowsPowerShell\v1.0\;C:\Program Files\Java\jdk1.8.0_111\bin;C:\Program Files\Java\jdk1.8.0_111\lib;C:\Windows\system32\config\systemprofile\.dnx\bin;C:\Program Files\Microsoft DNX\Dnvm\;C:\Program Files\Microsoft SQL Server\130\Tools\Binn\;C:\Program Files (x86)\Windows Kits\8.1\Windows Performance Toolkit\;%DASHLANE_DLL_DIR%
USERNAME=mosabtoobasi
OS=Windows_NT
PROCESSOR_IDENTIFIER=Intel64 Family 6 Model 69 Stepping 1, GenuineIntel



---------------  S Y S T E M  ---------------

OS: Windows 10.0 , 64 bit Build 10586 (10.0.10586.589)

CPU:total 4 (2 cores per cpu, 2 threads per core) family 6 model 69 stepping 1, cmov, cx8, fxsr, mmx, sse, sse2, sse3, ssse3, sse4.1, sse4.2, popcnt, avx, avx2, aes, clmul, erms, lzcnt, ht, tsc, tscinvbit, bmi1, bmi2

Memory: 4k page, physical 3573944k(755060k free), swap 10127540k(6820k free)

vm_info: OpenJDK 64-Bit Server VM (25.76-b03) for windows-amd64 JRE (1.8.0_76-release-b03), built on Jun 29 2016 19:09:20 by "ralucas" with MS VC++ 10.0 (VS2010)

time: Sun Mar 26 08:52:00 2017
elapsed time: 4 seconds (0d 0h 0m 4s)

